<?xml version="1.0" encoding="UTF-8"?>
<!-- Generated by org.testng.reporters.JUnitXMLReporter -->
<testsuite ignored="3" hostname="DESKTOP-QORIL8E" failures="0" tests="2" name="grouping" time="0.103" errors="0" timestamp="2022-08-23T17:02:42 IST">
  <testcase classname="TestNGDemo.groups" name="four" time="0.014"/>
  <testcase classname="TestNGDemo.groups" name="two" time="0.002"/>
  <testcase classname="TestNGDemo.groups" name="one" time="0.0">
    <ignored/>
  </testcase> <!-- one -->
  <testcase classname="TestNGDemo.groups" name="five" time="0.0">
    <ignored/>
  </testcase> <!-- five -->
  <testcase classname="TestNGDemo.groups" name="three" time="0.0">
    <ignored/>
  </testcase> <!-- three -->
</testsuite> <!-- grouping -->
