<?xml version="1.0" encoding="UTF-8"?>
<!-- Generated by org.testng.reporters.JUnitXMLReporter -->
<testsuite ignored="0" hostname="DESKTOP-QORIL8E" failures="0" tests="5" name="Default test" time="0.133" errors="0" timestamp="2022-08-23T16:58:03 IST">
  <testcase classname="TestNGDemo.groups" name="five" time="0.016"/>
  <testcase classname="TestNGDemo.groups" name="four" time="0.003"/>
  <testcase classname="TestNGDemo.groups" name="one" time="0.002"/>
  <testcase classname="TestNGDemo.groups" name="three" time="0.003"/>
  <testcase classname="TestNGDemo.groups" name="two" time="0.002"/>
</testsuite> <!-- Default test -->
